<?xml version="1.0" encoding="UTF-8"?>
<!-- Generated by org.testng.reporters.JUnitReportReporter -->
<testsuite skipped="0" hostname="DESKTOP-QL9EG6H" name="testCases.HomePageTest" tests="1" failures="0" timestamp="2021-08-16T11:44:08 IST" time="12.477" errors="0">
  <testcase name="verifyABTesting" time="12.477" classname="testCases.HomePageTest"/>
  <system-out/>
</testsuite> <!-- testCases.HomePageTest -->
